0 info it worked if it ends with ok
1 verbose cli [ '/usr/local/google/home/divyanshi/bin/node-v6.9.1-linux-x64/bin/node',
1 verbose cli   '/usr/local/google/home/divyanshi/bin/npm',
1 verbose cli   'run',
1 verbose cli   'watchTest' ]
2 info using npm@3.10.8
3 info using node@v6.9.1
4 verbose stack Error: missing script: watchTest
4 verbose stack     at run (/usr/local/google/home/divyanshi/bin/node-v6.9.1-linux-x64/lib/node_modules/npm/lib/run-script.js:151:19)
4 verbose stack     at /usr/local/google/home/divyanshi/bin/node-v6.9.1-linux-x64/lib/node_modules/npm/lib/run-script.js:61:5
4 verbose stack     at /usr/local/google/home/divyanshi/bin/node-v6.9.1-linux-x64/lib/node_modules/npm/node_modules/read-package-json/read-json.js:356:5
4 verbose stack     at checkBinReferences_ (/usr/local/google/home/divyanshi/bin/node-v6.9.1-linux-x64/lib/node_modules/npm/node_modules/read-package-json/read-json.js:320:45)
4 verbose stack     at final (/usr/local/google/home/divyanshi/bin/node-v6.9.1-linux-x64/lib/node_modules/npm/node_modules/read-package-json/read-json.js:354:3)
4 verbose stack     at then (/usr/local/google/home/divyanshi/bin/node-v6.9.1-linux-x64/lib/node_modules/npm/node_modules/read-package-json/read-json.js:124:5)
4 verbose stack     at /usr/local/google/home/divyanshi/bin/node-v6.9.1-linux-x64/lib/node_modules/npm/node_modules/read-package-json/read-json.js:311:12
4 verbose stack     at /usr/local/google/home/divyanshi/bin/node-v6.9.1-linux-x64/lib/node_modules/npm/node_modules/graceful-fs/graceful-fs.js:78:16
4 verbose stack     at tryToString (fs.js:455:3)
4 verbose stack     at FSReqWrap.readFileAfterClose [as oncomplete] (fs.js:442:12)
5 verbose cwd /usr/local/google/home/divyanshi/Desktop/motion-path-js
6 error Linux 3.13.0-101-generic
7 error argv "/usr/local/google/home/divyanshi/bin/node-v6.9.1-linux-x64/bin/node" "/usr/local/google/home/divyanshi/bin/npm" "run" "watchTest"
8 error node v6.9.1
9 error npm  v3.10.8
10 error missing script: watchTest
11 error If you need help, you may report this error at:
11 error     <https://github.com/npm/npm/issues>
12 verbose exit [ 1, true ]
